
*** Running vivado
    with args -log collision_checker.vdi -applog -m64 -product Vivado -messageDb vivado.pb -mode batch -source collision_checker.tcl -notrace



****** Vivado v2020.2 (64-bit)
  **** SW Build 3064766 on Wed Nov 18 09:12:45 MST 2020
  **** IP Build 3064653 on Wed Nov 18 14:17:31 MST 2020
    ** Copyright 1986-2020 Xilinx, Inc. All Rights Reserved.

source collision_checker.tcl -notrace
Command: link_design -top collision_checker -part xc7a100tcsg324-1
Design is defaulting to srcset: sources_1
Design is defaulting to constrset: constrs_1
INFO: [Device 21-403] Loading part xc7a100tcsg324-1
Netlist sorting complete. Time (s): cpu = 00:00:00 ; elapsed = 00:00:00.005 . Memory (MB): peak = 1161.996 ; gain = 0.000
INFO: [Netlist 29-17] Analyzing 38 Unisim elements for replacement
INFO: [Netlist 29-28] Unisim Transformation completed in 0 CPU seconds
INFO: [Project 1-479] Netlist was created with Vivado 2020.2
INFO: [Project 1-570] Preparing netlist for logic optimization
Netlist sorting complete. Time (s): cpu = 00:00:00 ; elapsed = 00:00:00.001 . Memory (MB): peak = 1161.996 ; gain = 0.000
INFO: [Project 1-111] Unisim Transformation Summary:
No Unisim elements were transformed.

6 Infos, 0 Warnings, 0 Critical Warnings and 0 Errors encountered.
link_design completed successfully
link_design: Time (s): cpu = 00:00:08 ; elapsed = 00:00:11 . Memory (MB): peak = 1161.996 ; gain = 0.000
Command: opt_design
Attempting to get a license for feature 'Implementation' and/or device 'xc7a100t'
INFO: [Common 17-349] Got license for feature 'Implementation' and/or device 'xc7a100t'
Running DRC as a precondition to command opt_design

Starting DRC Task
INFO: [DRC 23-27] Running DRC with 2 threads
INFO: [Project 1-461] DRC finished with 0 Errors
INFO: [Project 1-462] Please refer to the DRC report (report_drc) for more information.

Time (s): cpu = 00:00:02 ; elapsed = 00:00:02 . Memory (MB): peak = 1161.996 ; gain = 0.000

Starting Cache Timing Information Task
INFO: [Timing 38-35] Done setting XDC timing constraints.
Ending Cache Timing Information Task | Checksum: 13de0ee8c

Time (s): cpu = 00:00:09 ; elapsed = 00:00:11 . Memory (MB): peak = 1627.305 ; gain = 465.309

Starting Logic Optimization Task

Phase 1 Retarget
INFO: [Opt 31-138] Pushed 0 inverter(s) to 0 load pin(s).
INFO: [Opt 31-49] Retargeted 0 cell(s).
Phase 1 Retarget | Checksum: 13de0ee8c

Time (s): cpu = 00:00:00 ; elapsed = 00:00:00.558 . Memory (MB): peak = 1839.105 ; gain = 0.000
INFO: [Opt 31-389] Phase Retarget created 0 cells and removed 0 cells

Phase 2 Constant propagation
INFO: [Opt 31-138] Pushed 0 inverter(s) to 0 load pin(s).
Phase 2 Constant propagation | Checksum: 13de0ee8c

Time (s): cpu = 00:00:00 ; elapsed = 00:00:00.563 . Memory (MB): peak = 1839.105 ; gain = 0.000
INFO: [Opt 31-389] Phase Constant propagation created 0 cells and removed 0 cells

Phase 3 Sweep
Phase 3 Sweep | Checksum: e8e8ffa8

Time (s): cpu = 00:00:00 ; elapsed = 00:00:00.722 . Memory (MB): peak = 1839.105 ; gain = 0.000
INFO: [Opt 31-389] Phase Sweep created 0 cells and removed 0 cells

Phase 4 BUFG optimization
Phase 4 BUFG optimization | Checksum: e8e8ffa8

Time (s): cpu = 00:00:00 ; elapsed = 00:00:00.762 . Memory (MB): peak = 1839.105 ; gain = 0.000
INFO: [Opt 31-662] Phase BUFG optimization created 0 cells of which 0 are BUFGs and removed 0 cells.

Phase 5 Shift Register Optimization
INFO: [Opt 31-1064] SRL Remap converted 0 SRLs to 0 registers and converted 0 registers of register chains to 0 SRLs
Phase 5 Shift Register Optimization | Checksum: e8e8ffa8

Time (s): cpu = 00:00:00 ; elapsed = 00:00:00.765 . Memory (MB): peak = 1839.105 ; gain = 0.000
INFO: [Opt 31-389] Phase Shift Register Optimization created 0 cells and removed 0 cells

Phase 6 Post Processing Netlist
Phase 6 Post Processing Netlist | Checksum: e8e8ffa8

Time (s): cpu = 00:00:00 ; elapsed = 00:00:00.782 . Memory (MB): peak = 1839.105 ; gain = 0.000
INFO: [Opt 31-389] Phase Post Processing Netlist created 0 cells and removed 0 cells
Opt_design Change Summary
=========================


-------------------------------------------------------------------------------------------------------------------------
|  Phase                        |  #Cells created  |  #Cells Removed  |  #Constrained objects preventing optimizations  |
-------------------------------------------------------------------------------------------------------------------------
|  Retarget                     |               0  |               0  |                                              0  |
|  Constant propagation         |               0  |               0  |                                              0  |
|  Sweep                        |               0  |               0  |                                              0  |
|  BUFG optimization            |               0  |               0  |                                              0  |
|  Shift Register Optimization  |               0  |               0  |                                              0  |
|  Post Processing Netlist      |               0  |               0  |                                              0  |
-------------------------------------------------------------------------------------------------------------------------



Starting Connectivity Check Task

Time (s): cpu = 00:00:00 ; elapsed = 00:00:00.002 . Memory (MB): peak = 1839.105 ; gain = 0.000
Ending Logic Optimization Task | Checksum: efe4dbc2

Time (s): cpu = 00:00:00 ; elapsed = 00:00:00.826 . Memory (MB): peak = 1839.105 ; gain = 0.000

Starting Power Optimization Task
INFO: [Pwropt 34-132] Skipping clock gating for clocks with a period < 2.00 ns.
Ending Power Optimization Task | Checksum: efe4dbc2

Time (s): cpu = 00:00:00 ; elapsed = 00:00:00.239 . Memory (MB): peak = 1839.105 ; gain = 0.000

Starting Final Cleanup Task
Ending Final Cleanup Task | Checksum: efe4dbc2

Time (s): cpu = 00:00:00 ; elapsed = 00:00:00.012 . Memory (MB): peak = 1839.105 ; gain = 0.000

Starting Netlist Obfuscation Task
Netlist sorting complete. Time (s): cpu = 00:00:00 ; elapsed = 00:00:00 . Memory (MB): peak = 1839.105 ; gain = 0.000
Ending Netlist Obfuscation Task | Checksum: efe4dbc2

Time (s): cpu = 00:00:00 ; elapsed = 00:00:00 . Memory (MB): peak = 1839.105 ; gain = 0.000
INFO: [Common 17-83] Releasing license: Implementation
23 Infos, 0 Warnings, 0 Critical Warnings and 0 Errors encountered.
opt_design completed successfully
opt_design: Time (s): cpu = 00:00:14 ; elapsed = 00:00:17 . Memory (MB): peak = 1839.105 ; gain = 677.109
INFO: [Common 17-1381] The checkpoint 'D:/dsd/Snake/project_1.runs/impl_1/collision_checker_opt.dcp' has been generated.
INFO: [runtcl-4] Executing : report_drc -file collision_checker_drc_opted.rpt -pb collision_checker_drc_opted.pb -rpx collision_checker_drc_opted.rpx
Command: report_drc -file collision_checker_drc_opted.rpt -pb collision_checker_drc_opted.pb -rpx collision_checker_drc_opted.rpx
INFO: [IP_Flow 19-234] Refreshing IP repositories
INFO: [IP_Flow 19-1704] No user IP repositories specified
INFO: [IP_Flow 19-2313] Loaded Vivado IP repository 'G:/newforvivado/Vivado/2020.2/data/ip'.
INFO: [Timing 38-35] Done setting XDC timing constraints.
INFO: [DRC 23-27] Running DRC with 2 threads
INFO: [Coretcl 2-168] The results of DRC are in file D:/dsd/Snake/project_1.runs/impl_1/collision_checker_drc_opted.rpt.
report_drc completed successfully
report_drc: Time (s): cpu = 00:00:03 ; elapsed = 00:00:07 . Memory (MB): peak = 1887.262 ; gain = 48.156
Command: place_design
Attempting to get a license for feature 'Implementation' and/or device 'xc7a100t'
INFO: [Common 17-349] Got license for feature 'Implementation' and/or device 'xc7a100t'
INFO: [DRC 23-27] Running DRC with 2 threads
INFO: [Vivado_Tcl 4-198] DRC finished with 0 Errors
INFO: [Vivado_Tcl 4-199] Please refer to the DRC report (report_drc) for more information.
Running DRC as a precondition to command place_design
INFO: [DRC 23-27] Running DRC with 2 threads
INFO: [Vivado_Tcl 4-198] DRC finished with 0 Errors
INFO: [Vivado_Tcl 4-199] Please refer to the DRC report (report_drc) for more information.

Starting Placer Task
INFO: [Place 30-611] Multithreading enabled for place_design using a maximum of 2 CPUs

Phase 1 Placer Initialization

Phase 1.1 Placer Initialization Netlist Sorting
Netlist sorting complete. Time (s): cpu = 00:00:00 ; elapsed = 00:00:00 . Memory (MB): peak = 1887.262 ; gain = 0.000
Phase 1.1 Placer Initialization Netlist Sorting | Checksum: 7bf4a711

Time (s): cpu = 00:00:00 ; elapsed = 00:00:00.176 . Memory (MB): peak = 1887.262 ; gain = 0.000
Netlist sorting complete. Time (s): cpu = 00:00:00 ; elapsed = 00:00:00.001 . Memory (MB): peak = 1887.262 ; gain = 0.000

Phase 1.2 IO Placement/ Clock Placement/ Build Placer Device
ERROR: [Place 30-415] IO Placement failed due to overutilization. This design contains 405 I/O ports
 while the target  device: 7a100t package: csg324, contains only 210 available user I/O. The target device has 210 usable I/O pins of which 0 are already occupied by user-locked I/Os.
 To rectify this issue:
 1. Ensure you are targeting the correct device and package.  Select a larger device or different package if necessary.
 2. Check the top-level ports of the design to ensure the correct number of ports are specified.
 3. Consider design changes to reduce the number of I/Os necessary.
ERROR: [Place 30-68] Instance clk_IBUF_BUFG_inst (BUFG) is not placed
ERROR: [Place 30-68] Instance clk_IBUF_inst (IBUF) is not placed
ERROR: [Place 30-68] Instance general_state_IBUF[0]_inst (IBUF) is not placed
ERROR: [Place 30-68] Instance general_state_IBUF[1]_inst (IBUF) is not placed
ERROR: [Place 30-68] Instance is_dead_OBUF_inst (OBUF) is not placed
ERROR: [Place 30-68] Instance rst_n_IBUF_inst (IBUF) is not placed
ERROR: [Place 30-68] Instance snake_x_IBUF[0]_inst (IBUF) is not placed
ERROR: [Place 30-68] Instance snake_x_IBUF[100]_inst (IBUF) is not placed
ERROR: [Place 30-68] Instance snake_x_IBUF[101]_inst (IBUF) is not placed
ERROR: [Place 30-68] Instance snake_x_IBUF[102]_inst (IBUF) is not placed
ERROR: [Place 30-68] Instance snake_x_IBUF[103]_inst (IBUF) is not placed
ERROR: [Place 30-68] Instance snake_x_IBUF[104]_inst (IBUF) is not placed
ERROR: [Place 30-68] Instance snake_x_IBUF[105]_inst (IBUF) is not placed
ERROR: [Place 30-68] Instance snake_x_IBUF[106]_inst (IBUF) is not placed
ERROR: [Place 30-68] Instance snake_x_IBUF[107]_inst (IBUF) is not placed
ERROR: [Place 30-68] Instance snake_x_IBUF[108]_inst (IBUF) is not placed
ERROR: [Place 30-68] Instance snake_x_IBUF[109]_inst (IBUF) is not placed
ERROR: [Place 30-68] Instance snake_x_IBUF[10]_inst (IBUF) is not placed
ERROR: [Place 30-68] Instance snake_x_IBUF[110]_inst (IBUF) is not placed
ERROR: [Place 30-68] Instance snake_x_IBUF[111]_inst (IBUF) is not placed
ERROR: [Place 30-68] Instance snake_x_IBUF[112]_inst (IBUF) is not placed
ERROR: [Place 30-68] Instance snake_x_IBUF[113]_inst (IBUF) is not placed
ERROR: [Place 30-68] Instance snake_x_IBUF[114]_inst (IBUF) is not placed
ERROR: [Place 30-68] Instance snake_x_IBUF[115]_inst (IBUF) is not placed
ERROR: [Place 30-68] Instance snake_x_IBUF[116]_inst (IBUF) is not placed
ERROR: [Place 30-68] Instance snake_x_IBUF[117]_inst (IBUF) is not placed
ERROR: [Place 30-68] Instance snake_x_IBUF[118]_inst (IBUF) is not placed
ERROR: [Place 30-68] Instance snake_x_IBUF[119]_inst (IBUF) is not placed
ERROR: [Place 30-68] Instance snake_x_IBUF[11]_inst (IBUF) is not placed
ERROR: [Place 30-68] Instance snake_x_IBUF[120]_inst (IBUF) is not placed
ERROR: [Place 30-68] Instance snake_x_IBUF[121]_inst (IBUF) is not placed
ERROR: [Place 30-68] Instance snake_x_IBUF[122]_inst (IBUF) is not placed
ERROR: [Place 30-68] Instance snake_x_IBUF[123]_inst (IBUF) is not placed
ERROR: [Place 30-68] Instance snake_x_IBUF[124]_inst (IBUF) is not placed
ERROR: [Place 30-68] Instance snake_x_IBUF[125]_inst (IBUF) is not placed
ERROR: [Place 30-68] Instance snake_x_IBUF[126]_inst (IBUF) is not placed
ERROR: [Place 30-68] Instance snake_x_IBUF[127]_inst (IBUF) is not placed
ERROR: [Place 30-68] Instance snake_x_IBUF[128]_inst (IBUF) is not placed
ERROR: [Place 30-68] Instance snake_x_IBUF[129]_inst (IBUF) is not placed
ERROR: [Place 30-68] Instance snake_x_IBUF[12]_inst (IBUF) is not placed
ERROR: [Place 30-68] Instance snake_x_IBUF[130]_inst (IBUF) is not placed
ERROR: [Place 30-68] Instance snake_x_IBUF[131]_inst (IBUF) is not placed
ERROR: [Place 30-68] Instance snake_x_IBUF[132]_inst (IBUF) is not placed
ERROR: [Place 30-68] Instance snake_x_IBUF[133]_inst (IBUF) is not placed
ERROR: [Place 30-68] Instance snake_x_IBUF[134]_inst (IBUF) is not placed
ERROR: [Place 30-68] Instance snake_x_IBUF[135]_inst (IBUF) is not placed
ERROR: [Place 30-68] Instance snake_x_IBUF[136]_inst (IBUF) is not placed
ERROR: [Place 30-68] Instance snake_x_IBUF[137]_inst (IBUF) is not placed
ERROR: [Place 30-68] Instance snake_x_IBUF[138]_inst (IBUF) is not placed
ERROR: [Place 30-68] Instance snake_x_IBUF[139]_inst (IBUF) is not placed
ERROR: [Place 30-68] Instance snake_x_IBUF[13]_inst (IBUF) is not placed
ERROR: [Place 30-68] Instance snake_x_IBUF[140]_inst (IBUF) is not placed
ERROR: [Place 30-68] Instance snake_x_IBUF[141]_inst (IBUF) is not placed
ERROR: [Place 30-68] Instance snake_x_IBUF[142]_inst (IBUF) is not placed
ERROR: [Place 30-68] Instance snake_x_IBUF[143]_inst (IBUF) is not placed
ERROR: [Place 30-68] Instance snake_x_IBUF[144]_inst (IBUF) is not placed
ERROR: [Place 30-68] Instance snake_x_IBUF[145]_inst (IBUF) is not placed
ERROR: [Place 30-68] Instance snake_x_IBUF[146]_inst (IBUF) is not placed
ERROR: [Place 30-68] Instance snake_x_IBUF[147]_inst (IBUF) is not placed
ERROR: [Place 30-68] Instance snake_x_IBUF[148]_inst (IBUF) is not placed
ERROR: [Place 30-68] Instance snake_x_IBUF[149]_inst (IBUF) is not placed
ERROR: [Place 30-68] Instance snake_x_IBUF[14]_inst (IBUF) is not placed
ERROR: [Place 30-68] Instance snake_x_IBUF[150]_inst (IBUF) is not placed
ERROR: [Place 30-68] Instance snake_x_IBUF[151]_inst (IBUF) is not placed
ERROR: [Place 30-68] Instance snake_x_IBUF[152]_inst (IBUF) is not placed
ERROR: [Place 30-68] Instance snake_x_IBUF[153]_inst (IBUF) is not placed
ERROR: [Place 30-68] Instance snake_x_IBUF[154]_inst (IBUF) is not placed
ERROR: [Place 30-68] Instance snake_x_IBUF[155]_inst (IBUF) is not placed
ERROR: [Place 30-68] Instance snake_x_IBUF[156]_inst (IBUF) is not placed
ERROR: [Place 30-68] Instance snake_x_IBUF[157]_inst (IBUF) is not placed
ERROR: [Place 30-68] Instance snake_x_IBUF[158]_inst (IBUF) is not placed
ERROR: [Place 30-68] Instance snake_x_IBUF[159]_inst (IBUF) is not placed
ERROR: [Place 30-68] Instance snake_x_IBUF[15]_inst (IBUF) is not placed
ERROR: [Place 30-68] Instance snake_x_IBUF[160]_inst (IBUF) is not placed
ERROR: [Place 30-68] Instance snake_x_IBUF[161]_inst (IBUF) is not placed
ERROR: [Place 30-68] Instance snake_x_IBUF[162]_inst (IBUF) is not placed
ERROR: [Place 30-68] Instance snake_x_IBUF[163]_inst (IBUF) is not placed
ERROR: [Place 30-68] Instance snake_x_IBUF[164]_inst (IBUF) is not placed
ERROR: [Place 30-68] Instance snake_x_IBUF[165]_inst (IBUF) is not placed
ERROR: [Place 30-68] Instance snake_x_IBUF[166]_inst (IBUF) is not placed
ERROR: [Place 30-68] Instance snake_x_IBUF[167]_inst (IBUF) is not placed
ERROR: [Place 30-68] Instance snake_x_IBUF[168]_inst (IBUF) is not placed
ERROR: [Place 30-68] Instance snake_x_IBUF[169]_inst (IBUF) is not placed
ERROR: [Place 30-68] Instance snake_x_IBUF[16]_inst (IBUF) is not placed
ERROR: [Place 30-68] Instance snake_x_IBUF[170]_inst (IBUF) is not placed
ERROR: [Place 30-68] Instance snake_x_IBUF[171]_inst (IBUF) is not placed
ERROR: [Place 30-68] Instance snake_x_IBUF[172]_inst (IBUF) is not placed
ERROR: [Place 30-68] Instance snake_x_IBUF[173]_inst (IBUF) is not placed
ERROR: [Place 30-68] Instance snake_x_IBUF[174]_inst (IBUF) is not placed
ERROR: [Place 30-68] Instance snake_x_IBUF[175]_inst (IBUF) is not placed
ERROR: [Place 30-68] Instance snake_x_IBUF[176]_inst (IBUF) is not placed
ERROR: [Place 30-68] Instance snake_x_IBUF[177]_inst (IBUF) is not placed
ERROR: [Place 30-68] Instance snake_x_IBUF[178]_inst (IBUF) is not placed
ERROR: [Place 30-68] Instance snake_x_IBUF[179]_inst (IBUF) is not placed
ERROR: [Place 30-68] Instance snake_x_IBUF[17]_inst (IBUF) is not placed
ERROR: [Place 30-68] Instance snake_x_IBUF[180]_inst (IBUF) is not placed
ERROR: [Place 30-68] Instance snake_x_IBUF[181]_inst (IBUF) is not placed
ERROR: [Place 30-68] Instance snake_x_IBUF[182]_inst (IBUF) is not placed
ERROR: [Place 30-68] Instance snake_x_IBUF[183]_inst (IBUF) is not placed
ERROR: [Place 30-68] Instance snake_x_IBUF[184]_inst (IBUF) is not placed
INFO: [Common 17-14] Message 'Place 30-68' appears 100 times and further instances of the messages will be disabled. Use the Tcl command set_msg_config to change the current settings.
Phase 1.2 IO Placement/ Clock Placement/ Build Placer Device | Checksum: 9c8a3112

Time (s): cpu = 00:00:01 ; elapsed = 00:00:01 . Memory (MB): peak = 1887.262 ; gain = 0.000
Phase 1 Placer Initialization | Checksum: 9c8a3112

Time (s): cpu = 00:00:01 ; elapsed = 00:00:01 . Memory (MB): peak = 1887.262 ; gain = 0.000
ERROR: [Place 30-99] Placer failed with error: 'IO Clock Placer failed'
Please review all ERROR, CRITICAL WARNING, and WARNING messages during placement to understand the cause for failure.
Ending Placer Task | Checksum: 9c8a3112

Time (s): cpu = 00:00:01 ; elapsed = 00:00:01 . Memory (MB): peak = 1887.262 ; gain = 0.000
INFO: [Common 17-83] Releasing license: Implementation
41 Infos, 0 Warnings, 0 Critical Warnings and 103 Errors encountered.
place_design failed
ERROR: [Common 17-69] Command failed: Placer could not place all instances
INFO: [Common 17-206] Exiting Vivado at Fri May 16 23:11:45 2025...
