#-----------------------------------------------------------
# Vivado v2020.2 (64-bit)
# SW Build 3064766 on Wed Nov 18 09:12:45 MST 2020
# IP Build 3064653 on Wed Nov 18 14:17:31 MST 2020
# Start of session at: Fri May 16 17:16:14 2025
# Process ID: 53044
# Current directory: D:/dsd/Snake
# Command line: vivado.exe -gui_launcher_event rodinguilauncherevent52876 D:\dsd\Snake\project_1.xpr
# Log file: D:/dsd/Snake/vivado.log
# Journal file: D:/dsd/Snake\vivado.jou
#-----------------------------------------------------------
start_gui
open_project D:/dsd/Snake/project_1.xpr
INFO: [Project 1-313] Project file moved from 'E:/VivadoWorks/project_1' since last save.
WARNING: [filemgmt 56-2] Default IP Output Path : Could not find the directory 'D:/dsd/Snake/project_1.gen/sources_1', nor could it be found using path 'E:/VivadoWorks/project_1/project_1.gen/sources_1'.
WARNING: [filemgmt 56-2] IPUserFilesDir: Could not find the directory 'D:/dsd/Snake/project_1.ip_user_files', nor could it be found using path 'E:/VivadoWorks/project_1/project_1.ip_user_files'.
Scanning sources...
Finished scanning sources
INFO: [IP_Flow 19-234] Refreshing IP repositories
INFO: [IP_Flow 19-1704] No user IP repositories specified
INFO: [IP_Flow 19-2313] Loaded Vivado IP repository 'G:/newforvivado/Vivado/2020.2/data/ip'.
open_project: Time (s): cpu = 00:00:24 ; elapsed = 00:00:43 . Memory (MB): peak = 1070.406 ; gain = 102.129update_compile_order -fileset sources_1
eexit
INFO: [Common 17-206] Exiting Vivado at Fri May 16 18:02:01 2025...
